Project: stm32f407-z80emu
Converter: ST System Workbench for STM32 project converter
Date: 20241105

Unrecognized tool command 'g++  ' for tool id fr.ac6.managedbuild.tool.gnu.cross.cpp.compiler
Unknown value type "" for id gnu.c.link.option.libs on tool fr.ac6.managedbuild.tool.gnu.cross.c.linker
Unknown value type "" for id gnu.c.link.option.paths on tool fr.ac6.managedbuild.tool.gnu.cross.c.linker
Unrecognized tool command 'g++' for tool id fr.ac6.managedbuild.tool.gnu.cross.cpp.linker
Unknown value type "" for id gnu.cpp.link.option.libs on tool fr.ac6.managedbuild.tool.gnu.cross.cpp.linker
Unknown value type "" for id gnu.cpp.link.option.paths on tool fr.ac6.managedbuild.tool.gnu.cross.cpp.linker
Option fr.ac6.managedbuild.tool.gnu.cross.cpp.linker.noexceptions is no longer supported
Option fr.ac6.managedbuild.tool.gnu.cross.cpp.linker.nortti is no longer supported
Value type err, id: gnu.cpp.link.option.flags
Unknown value type "" for id gnu.both.asm.option.include.paths on tool fr.ac6.managedbuild.tool.gnu.cross.assembler
Unrecognized tool command 'g++' for tool id fr.ac6.managedbuild.tool.gnu.cross.cpp.compiler
Unknown value type "" for id gnu.c.link.option.libs on tool fr.ac6.managedbuild.tool.gnu.cross.c.linker
Unknown value type "" for id gnu.c.link.option.paths on tool fr.ac6.managedbuild.tool.gnu.cross.c.linker
Unknown value type "" for id gnu.cpp.link.option.libs on tool fr.ac6.managedbuild.tool.gnu.cross.cpp.linker
Unknown value type "" for id gnu.cpp.link.option.paths on tool fr.ac6.managedbuild.tool.gnu.cross.cpp.linker
Option fr.ac6.managedbuild.tool.gnu.cross.cpp.linker.noexceptions is no longer supported
Option fr.ac6.managedbuild.tool.gnu.cross.cpp.linker.nortti is no longer supported
Value type err, id: gnu.cpp.link.option.flags
Unknown value type "" for id gnu.both.asm.option.include.paths on tool fr.ac6.managedbuild.tool.gnu.cross.assembler.exe.release
No map found for id: 
No map found for id: 
No map found for id: 
Option fr.ac6.managedbuild.tool.gnu.cross.cpp.linker.noexceptions is no longer supported
Option fr.ac6.managedbuild.tool.gnu.cross.cpp.linker.nortti is no longer supported
